[2025-06-08] - Fetching emails from DB to send mails...
[2025-06-08] - Failed to send email to geetanjali0223@gmail.com via both services
[2025-06-08] - Failed to send email to geetanjali9361@gmail.com via both services
[2025-06-08] - Failed to send email to manujsharma3107@gmail.com via both services
[2025-06-08] - Email sending process complete.
[2025-06-08] - Fetching emails from DB to send mails...
[2025-06-08] - Failed to send email to geetanjali0223@gmail.com via both services
[2025-06-08] - Failed to send email to geetanjali9361@gmail.com via both services
[2025-06-08] - Failed to send email to manujsharma3107@gmail.com via both services
[2025-06-08] - Email sending process complete.
[2025-06-08] - Fetching emails from DB to send mails...
[2025-06-08] - Failed to send email to geetanjali0223@gmail.com via both services
[2025-06-08] - Failed to send email to geetanjali9361@gmail.com via both services
[2025-06-08] - Failed to send email to manujsharma3107@gmail.com via both services
[2025-06-08] - Email sending process complete.
[2025-06-08] - Fetching emails from DB to send mails...
[2025-06-08] - Failed to send email to geetanjali0223@gmail.com via both services
[2025-06-08] - Failed to send email to geetanjali9361@gmail.com via both services
[2025-06-08] - Failed to send email to manujsharma3107@gmail.com via both services
[2025-06-08] - Email sending process complete.
[2025-06-08] - Fetching emails from DB to send mails...
[2025-06-08] - Failed to send email to geetanjali0223@gmail.com via both services
[2025-06-08] - Failed to send email to geetanjali9361@gmail.com via both services
[2025-06-08] - Failed to send email to manujsharma3107@gmail.com via both services
[2025-06-08] - Email sending process complete.
[2025-06-08] - Fetching emails from DB to send mails...
[2025-06-08] - Failed to send email to geetanjali0223@gmail.com via both services
[2025-06-08] - Failed to send email to geetanjali9361@gmail.com via both services
[2025-06-08] - Failed to send email to manujsharma3107@gmail.com via both services
[2025-06-08] - Email sending process complete.
[2025-06-08] - Fetching emails from DB to send mails...
[2025-06-08] - Failed to send email to geetanjali0223@gmail.com via both services
[2025-06-08] - Failed to send email to geetanjali9361@gmail.com via both services
[2025-06-08] - Failed to send email to manujsharma3107@gmail.com via both services
[2025-06-08] - Fetching emails from DB to send mails...
[2025-06-08] - Failed to send email to geetanjali0223@gmail.com via both services
[2025-06-08] - Failed to send email to geetanjali9361@gmail.com via both services
[2025-06-08] - Failed to send email to manujsharma3107@gmail.com via both services
[2025-06-08] - Fetching emails from DB to send mails...
[2025-06-08] - Failed to send email to geetanjali0223@gmail.com via both services
[2025-06-08] - Failed to send email to geetanjali9361@gmail.com via both services
[2025-06-08] - Failed to send email to manujsharma3107@gmail.com via both services
[2025-06-08] - Email sending process complete.
[2025-06-08] - Fetching emails from DB to send mails...
[2025-06-08] - Failed to send email to geetanjali0223@gmail.com via both services
[2025-06-08] - Failed to send email to geetanjali9361@gmail.com via both services
[2025-06-08] - Failed to send email to manujsharma3107@gmail.com via both services
[2025-06-08] - Email sending process complete.
[2025-06-08] - Fetching emails from DB to send mails...
[2025-06-08] - Email sent to geetanjali0223@gmail.com via SendGrid
[2025-06-08] - Email sent to geetanjali9361@gmail.com via SendGrid
[2025-06-08] - Email sent to manujsharma3107@gmail.com via SendGrid
[2025-06-08] - Email sending process complete.
[2025-06-08] - Fetching emails from DB to send mails...
[2025-06-08] - Email sending process complete.
[2025-06-08] - Fetching emails from DB to send mails...
[2025-06-08] - Email sent to geetanjali0223@gmail.com via NodeMailer (fallback)
[2025-06-08] - Email sent to geetanjali9361@gmail.com via NodeMailer (fallback)
[2025-06-08] - Email sent to manujsharma3107@gmail.com via NodeMailer (fallback)
[2025-06-08] - Email sending process complete.
